<?xml version="1.0" encoding="UTF-8"?>
<!-- Generated by org.testng.reporters.JUnitReportReporter -->
<testsuite hostname="DESKTOP-UKNGCC3" failures="0" tests="4" name="com.juaracoding.ecommerce.commons.RadioCheckboxTest" time="35.650" errors="0" timestamp="2025-09-19T21:36:33 WIB" skipped="0">
  <testcase classname="com.juaracoding.ecommerce.commons.RadioCheckboxTest" name="radioButtonsTest" time="8.486"/>
  <testcase classname="com.juaracoding.ecommerce.commons.RadioCheckboxTest" name="checkBoxsTest" time="9.240"/>
  <testcase classname="com.juaracoding.ecommerce.commons.RadioCheckboxTest" name="radioButtonTest" time="6.521"/>
  <testcase classname="com.juaracoding.ecommerce.commons.RadioCheckboxTest" name="checkBoxTest" time="11.403"/>
</testsuite> <!-- com.juaracoding.ecommerce.commons.RadioCheckboxTest -->
