<?xml version="1.0" encoding="UTF-8"?>
<!-- Generated by org.testng.reporters.JUnitReportReporter -->
<testsuite hostname="DESKTOP-UKNGCC3" failures="0" tests="3" name="com.juaracoding.ecommerce.authentications.SignInNegativeTest" time="112.605" errors="0" timestamp="2025-09-18T22:14:32 WIB" skipped="1">
  <testcase classname="com.juaracoding.ecommerce.authentications.SignInNegativeTest" name="withEmptyPasswordTest" time="105.017"/>
  <testcase classname="com.juaracoding.ecommerce.authentications.SignInNegativeTest" name="withoutCredentialsTest" time="7.588"/>
  <testcase classname="com.juaracoding.ecommerce.authentications.SignInNegativeTest" name="withEmptyUsernameTest">
    <skipped/>
  </testcase> <!-- withEmptyUsernameTest -->
</testsuite> <!-- com.juaracoding.ecommerce.authentications.SignInNegativeTest -->
